\BOOKMARK [0][-]{chapter*.1}{Contents}{}% 1
\BOOKMARK [0][-]{chapter*.2}{List of Figures}{}% 2
\BOOKMARK [0][-]{chapter*.3}{List of Tables}{}% 3
\BOOKMARK [0][-]{chapter*.4}{About}{}% 4
\BOOKMARK [0][-]{chapter.1}{Introduction}{}% 5
\BOOKMARK [0][-]{chapter.2}{Getting Started}{}% 6
\BOOKMARK [1][-]{section.2.1}{Installation}{chapter.2}% 7
\BOOKMARK [2][-]{subsection.2.1.1}{Getting Python}{section.2.1}% 8
\BOOKMARK [2][-]{subsection.2.1.2}{Required Packages}{section.2.1}% 9
\BOOKMARK [2][-]{subsection.2.1.3}{Installing LTOS}{section.2.1}% 10
\BOOKMARK [1][-]{section.2.2}{Using LTOS}{chapter.2}% 11
\BOOKMARK [2][-]{subsection.2.2.1}{The Graphical User Interface}{section.2.2}% 12
\BOOKMARK [2][-]{subsection.2.2.2}{Working from Command Line}{section.2.2}% 13
\BOOKMARK [0][-]{chapter.3}{Program Details}{}% 14
\BOOKMARK [1][-]{section.3.1}{Detection and Localization}{chapter.3}% 15
\BOOKMARK [1][-]{section.3.2}{Tracking}{chapter.3}% 16
\BOOKMARK [1][-]{section.3.3}{Simulation}{chapter.3}% 17
\BOOKMARK [1][-]{section.3.4}{Analysis}{chapter.3}% 18
\BOOKMARK [0][-]{chapter*.5}{Acknowledgments}{}% 19
\BOOKMARK [0][-]{chapter*.6}{Bibliography}{}% 20
